<?xml version="1.0" encoding="UTF-8"?>
<!-- Generated by org.testng.reporters.JUnitReportReporter -->
<testsuite skipped="0" hostname="IEC02N926BG3QT" name="testcases.Backup" tests="1" failures="0" timestamp="01 May 2018 16:18:09 GMT" time="27.702" errors="0">
  <testcase name="ArtistAddtoPlaylist" time="27.702" classname="testcases.Backup"/>
</testsuite> <!-- testcases.Backup -->
