<?xml version="1.0" encoding="UTF-8"?>
<!-- Generated by org.testng.reporters.JUnitReportReporter -->
<testsuite skipped="0" hostname="IEC02N926BG3QT" name="restAPIs.authenicationWL" tests="1" failures="0" timestamp="15 Aug 2018 15:01:22 GMT" time="7.340" errors="0">
  <testcase name="accessToken" time="7.340" classname="restAPIs.authenicationWL"/>
</testsuite> <!-- restAPIs.authenicationWL -->
