<?xml version="1.0" encoding="UTF-8"?>
<!-- Generated by org.testng.reporters.JUnitReportReporter -->
<testsuite skipped="0" hostname="IEC02N926BG3QT" name="testcases.AppsUsingCloud" tests="3" failures="0" timestamp="31 Aug 2018 15:45:40 GMT" time="85.469" errors="0">
  <testcase name="ClickRecommended" time="30.186" classname="testcases.AppsUsingCloud"/>
  <testcase name="AppsUsingCloud" time="26.799" classname="testcases.AppsUsingCloud"/>
  <testcase name="ClickConnected" time="28.484" classname="testcases.AppsUsingCloud"/>
</testsuite> <!-- testcases.AppsUsingCloud -->
