<?xml version="1.0" encoding="UTF-8"?>
<!-- Generated by org.testng.reporters.JUnitReportReporter -->
<testsuite skipped="0" hostname="IEC02N926BG3QT" name="testcases.Playground" tests="1" failures="0" timestamp="01 May 2018 15:59:58 GMT" time="33.197" errors="0">
  <testcase name="captureScreenshot" time="33.197" classname="testcases.Playground"/>
</testsuite> <!-- testcases.Playground -->
