<?xml version="1.0" encoding="UTF-8"?>
<!-- Generated by org.testng.reporters.JUnitReportReporter -->
<testsuite skipped="2" hostname="IEC02N926BG3QT" name="testcases.Documents" tests="2" failures="0" timestamp="06 Jun 2018 14:25:10 GMT" time="0.000" errors="0">
  <testcase name="DocInfo" time="0.000" classname="testcases.Documents">
    <skipped/>
  </testcase> <!-- DocInfo -->
  <testcase name="DocumentsSort" time="0.000" classname="testcases.Documents">
    <skipped/>
  </testcase> <!-- DocumentsSort -->
</testsuite> <!-- testcases.Documents -->
