<?xml version="1.0" encoding="UTF-8"?>
<!-- Generated by org.testng.reporters.JUnitReportReporter -->
<testsuite skipped="0" hostname="IEC02N926BG3QT" name="testcases.AllFiles" tests="1" failures="0" timestamp="17 Sep 2018 15:28:23 GMT" time="37.112" errors="0">
  <testcase name="MobileName" time="37.112" classname="testcases.AllFiles"/>
</testsuite> <!-- testcases.AllFiles -->
