<?xml version="1.0" encoding="UTF-8"?>
<!-- Generated by org.testng.reporters.JUnitReportReporter -->
<testsuite skipped="0" hostname="IEC02N926BG3QT" name="testcases.Playground" tests="1" failures="0" timestamp="23 Jul 2018 10:31:09 GMT" time="34.641" errors="0">
  <testcase name="captureScreenshot" time="34.641" classname="testcases.Playground"/>
</testsuite> <!-- testcases.Playground -->
