<?xml version="1.0" encoding="UTF-8"?>
<!-- Generated by org.testng.reporters.JUnitReportReporter -->
<testsuite skipped="0" hostname="IEC02N926BG3QT" name="testcases.Playground" tests="1" failures="0" timestamp="18 Jun 2018 11:53:36 GMT" time="23.230" errors="0">
  <testcase name="ViewItem2" time="23.230" classname="testcases.Playground"/>
</testsuite> <!-- testcases.Playground -->
