<?xml version="1.0" encoding="UTF-8"?>
<!-- Generated by org.testng.reporters.JUnitReportReporter -->
<testsuite skipped="0" hostname="IEC02N926BG3QT" name="testcases.MessageCenter" tests="2" failures="0" timestamp="26 Jun 2018 10:13:01 GMT" time="7.331" errors="0">
  <testcase name="MessageCenter2" time="5.438" classname="testcases.MessageCenter"/>
  <testcase name="test" time="1.893" classname="testcases.MessageCenter"/>
</testsuite> <!-- testcases.MessageCenter -->
