<?xml version="1.0" encoding="UTF-8"?>
<!-- Generated by org.testng.reporters.JUnitReportReporter -->
<testsuite skipped="0" hostname="IEC02N926BG3QT" name="testcases.AllFiles" tests="1" failures="0" timestamp="06 Jun 2018 14:27:09 GMT" time="41.657" errors="0">
  <testcase name="OpenMobileRepro" time="41.657" classname="testcases.AllFiles"/>
</testsuite> <!-- testcases.AllFiles -->
