<?xml version="1.0" encoding="UTF-8"?>
<!-- Generated by org.testng.reporters.JUnitReportReporter -->
<testsuite skipped="0" hostname="IEC02N926BG3QT" name="testcases.AllFiles" tests="3" failures="0" timestamp="19 Jul 2018 10:28:46 GMT" time="108.848" errors="0">
  <testcase name="OpenMobileRepro" time="34.736" classname="testcases.AllFiles"/>
  <testcase name="MobileName" time="30.807" classname="testcases.AllFiles"/>
  <testcase name="FindExt" time="43.305" classname="testcases.AllFiles"/>
</testsuite> <!-- testcases.AllFiles -->
