<?xml version="1.0" encoding="UTF-8"?>
<!-- Generated by org.testng.reporters.JUnitReportReporter -->
<testsuite skipped="0" hostname="IEC02N926BG3QT" name="testcases.DocumentsPOM" tests="1" failures="0" timestamp="13 Feb 2018 17:40:25 GMT" time="42.854" errors="0">
  <testcase name="DocFavSwitch" time="42.854" classname="testcases.DocumentsPOM"/>
</testsuite> <!-- testcases.DocumentsPOM -->
