<?xml version="1.0" encoding="UTF-8"?>
<!-- Generated by org.testng.reporters.JUnitReportReporter -->
<testsuite skipped="0" hostname="IEC02N926BG3QT" name="testcases.Music" tests="1" failures="0" timestamp="11 Jun 2018 13:57:48 GMT" time="36.340" errors="0">
  <testcase name="PlaySong" time="36.340" classname="testcases.Music"/>
</testsuite> <!-- testcases.Music -->
