<?xml version="1.0" encoding="UTF-8"?>
<!-- Generated by org.testng.reporters.JUnitReportReporter -->
<testsuite skipped="0" hostname="IEC02N926BG3QT" name="testcases.PhotosAndVideo" tests="1" failures="0" timestamp="27 Mar 2018 16:09:01 GMT" time="47.170" errors="0">
  <testcase name="ViewItem" time="47.170" classname="testcases.PhotosAndVideo"/>
</testsuite> <!-- testcases.PhotosAndVideo -->
