<?xml version="1.0" encoding="UTF-8"?>
<!-- Generated by org.testng.reporters.JUnitReportReporter -->
<testsuite skipped="0" hostname="IEC02N926BG3QT" name="testcases.PhotosAndVideo" tests="1" failures="0" timestamp="17 May 2018 15:46:41 GMT" time="53.682" errors="0">
  <testcase name="ShareCollage" time="53.682" classname="testcases.PhotosAndVideo"/>
</testsuite> <!-- testcases.PhotosAndVideo -->
