<?xml version="1.0" encoding="UTF-8"?>
<!-- Generated by org.testng.reporters.JUnitReportReporter -->
<testsuite skipped="0" hostname="IEC02N926BG3QT" name="restAPIs.authenication" tests="1" failures="0" timestamp="14 Aug 2018 13:29:27 GMT" time="7.709" errors="0">
  <testcase name="accessToken" time="7.709" classname="restAPIs.authenication"/>
</testsuite> <!-- restAPIs.authenication -->
