<?xml version="1.0" encoding="UTF-8"?>
<!-- Generated by org.testng.reporters.JUnitReportReporter -->
<testsuite skipped="0" hostname="IEC02N926BG3QT" name="testcases.Settings" tests="1" failures="0" timestamp="13 Jun 2018 15:35:15 GMT" time="35.904" errors="0">
  <testcase name="ToDisable" time="35.904" classname="testcases.Settings"/>
</testsuite> <!-- testcases.Settings -->
