<?xml version="1.0" encoding="UTF-8"?>
<!-- Generated by org.testng.reporters.JUnitReportReporter -->
<testsuite skipped="0" hostname="IEC02N926BG3QT" name="testcases.Playground" tests="1" failures="0" timestamp="28 May 2018 15:37:16 GMT" time="48.495" errors="0">
  <testcase name="Swipe" time="48.495" classname="testcases.Playground"/>
</testsuite> <!-- testcases.Playground -->
