<?xml version="1.0" encoding="UTF-8"?>
<!-- Generated by org.testng.reporters.JUnitReportReporter -->
<testsuite skipped="0" hostname="IEC02N926BG3QT" name="testcases.PhotosAndVideo" tests="1" failures="0" timestamp="25 Apr 2018 10:54:44 GMT" time="24.361" errors="1">
  <testcase name="ViewItem" time="24.361" classname="testcases.PhotosAndVideo">
    <error type="java.lang.StackOverflowError">
      <![CDATA[java.lang.StackOverflowErrorat objectrepository.CommonMethods.<init>(CommonMethods.java:24)at objectrepository.CommonMethods.<init>(CommonMethods.java:24)at objectrepository.CommonMethods.<init>(CommonMethods.java:24)at objectrepository.CommonMethods.<init>(CommonMethods.java:24)at objectrepository.CommonMethods.<init>(CommonMethods.java:24)at objectrepository.CommonMethods.<init>(CommonMethods.java:24)at objectrepository.CommonMethods.<init>(CommonMethods.java:24)at objectrepository.CommonMethods.<init>(CommonMethods.java:24)at objectrepository.CommonMethods.<init>(CommonMethods.java:24)at objectrepository.CommonMethods.<init>(CommonMethods.java:24)at objectrepository.CommonMethods.<init>(CommonMethods.java:24)at objectrepository.CommonMethods.<init>(CommonMethods.java:24)at objectrepository.CommonMethods.<init>(CommonMethods.java:24)at objectrepository.CommonMethods.<init>(CommonMethods.java:24)at objectrepository.CommonMethods.<init>(CommonMethods.java:24)at objectrepository.CommonMethods.<init>(CommonMethods.java:24)at objectrepository.CommonMethods.<init>(CommonMethods.java:24)at objectrepository.CommonMethods.<init>(CommonMethods.java:24)at objectrepository.CommonMethods.<init>(CommonMethods.java:24)at objectrepository.CommonMethods.<init>(CommonMethods.java:24)at objectrepository.CommonMethods.<init>(CommonMethods.java:24)at objectrepository.CommonMethods.<init>(CommonMethods.java:24)at objectrepository.CommonMethods.<init>(CommonMethods.java:24)at objectrepository.CommonMethods.<init>(CommonMethods.java:24)at objectrepository.CommonMethods.<init>(CommonMethods.java:24)at objectrepository.CommonMethods.<init>(CommonMethods.java:24)at objectrepository.CommonMethods.<init>(CommonMethods.java:24)at objectrepository.CommonMethods.<init>(CommonMethods.java:24)at objectrepository.CommonMethods.<init>(CommonMethods.java:24)at objectrepository.CommonMethods.<init>(CommonMethods.java:24)at objectrepository.CommonMethods.<init>(CommonMethods.java:24)at objectrepository.CommonMethods.<init>(CommonMethods.java:24)at objectrepository.CommonMethods.<init>(CommonMethods.java:24)at objectrepository.CommonMethods.<init>(CommonMethods.java:24)at objectrepository.CommonMethods.<init>(CommonMethods.java:24)at objectrepository.CommonMethods.<init>(CommonMethods.java:24)at objectrepository.CommonMethods.<init>(CommonMethods.java:24)at objectrepository.CommonMethods.<init>(CommonMethods.java:24)at objectrepository.CommonMethods.<init>(CommonMethods.java:24)at objectrepository.CommonMethods.<init>(CommonMethods.java:24)at objectrepository.CommonMethods.<init>(CommonMethods.java:24)at objectrepository.CommonMethods.<init>(CommonMethods.java:24)at objectrepository.CommonMethods.<init>(CommonMethods.java:24)at objectrepository.CommonMethods.<init>(CommonMethods.java:24)at objectrepository.CommonMethods.<init>(CommonMethods.java:24)at objectrepository.CommonMethods.<init>(CommonMethods.java:24)at objectrepository.CommonMethods.<init>(CommonMethods.java:24)at objectrepository.CommonMethods.<init>(CommonMethods.java:24)at objectrepository.CommonMethods.<init>(CommonMethods.java:24)at objectrepository.CommonMethods.<init>(CommonMethods.java:24)at objectrepository.CommonMethods.<init>(CommonMethods.java:24)at objectrepository.CommonMethods.<init>(CommonMethods.java:24)at objectrepository.CommonMethods.<init>(CommonMethods.java:24)at objectrepository.CommonMethods.<init>(CommonMethods.java:24)at objectrepository.CommonMethods.<init>(CommonMethods.java:24)at objectrepository.CommonMethods.<init>(CommonMethods.java:24)at objectrepository.CommonMethods.<init>(CommonMethods.java:24)at objectrepository.CommonMethods.<init>(CommonMethods.java:24)at objectrepository.CommonMethods.<init>(CommonMethods.java:24)at objectrepository.CommonMethods.<init>(CommonMethods.java:24)at objectrepository.CommonMethods.<init>(CommonMethods.java:24)at objectrepository.CommonMethods.<init>(CommonMethods.java:24)at objectrepository.CommonMethods.<init>(CommonMethods.java:24)at objectrepository.CommonMethods.<init>(CommonMethods.java:24)at objectrepository.CommonMethods.<init>(CommonMethods.java:24)at objectrepository.CommonMethods.<init>(CommonMethods.java:24)at objectrepository.CommonMethods.<init>(CommonMethods.java:24)at objectrepository.CommonMethods.<init>(CommonMethods.java:24)at objectrepository.CommonMethods.<init>(CommonMethods.java:24)at objectrepository.CommonMethods.<init>(CommonMethods.java:24)at objectrepository.CommonMethods.<init>(CommonMethods.java:24)at objectrepository.CommonMethods.<init>(CommonMethods.java:24)at objectrepository.CommonMethods.<init>(CommonMethods.java:24)at objectrepository.CommonMethods.<init>(CommonMethods.java:24)at objectrepository.CommonMethods.<init>(CommonMethods.java:24)at objectrepository.CommonMethods.<init>(CommonMethods.java:24)at objectrepository.CommonMethods.<init>(CommonMethods.java:24)at objectrepository.CommonMethods.<init>(CommonMethods.java:24)at objectrepository.CommonMethods.<init>(CommonMethods.java:24)at objectrepository.CommonMethods.<init>(CommonMethods.java:24)at objectrepository.CommonMethods.<init>(CommonMethods.java:24)at objectrepository.CommonMethods.<init>(CommonMethods.java:24)at objectrepository.CommonMethods.<init>(CommonMethods.java:24)at objectrepository.CommonMethods.<init>(CommonMethods.java:24)at objectrepository.CommonMethods.<init>(CommonMethods.java:24)at objectrepository.CommonMethods.<init>(CommonMethods.java:24)at objectrepository.CommonMethods.<init>(CommonMethods.java:24)at objectrepository.CommonMethods.<init>(CommonMethods.java:24)at objectrepository.CommonMethods.<init>(CommonMethods.java:24)at objectrepository.CommonMethods.<init>(CommonMethods.java:24)at objectrepository.CommonMethods.<init>(CommonMethods.java:24)at objectrepository.CommonMethods.<init>(CommonMethods.java:24)at objectrepository.CommonMethods.<init>(CommonMethods.java:24)at objectrepository.CommonMethods.<init>(CommonMethods.java:24)at objectrepository.CommonMethods.<init>(CommonMethods.java:24)at objectrepository.CommonMethods.<init>(CommonMethods.java:24)at objectrepository.CommonMethods.<init>(CommonMethods.java:24)at objectrepository.CommonMethods.<init>(CommonMethods.java:24)at objectrepository.CommonMethods.<init>(CommonMethods.java:24)at objectrepository.CommonMethods.<init>(CommonMethods.java:24)at objectrepository.CommonMethods.<init>(CommonMethods.java:24)at objectrepository.CommonMethods.<init>(CommonMethods.java:24)at objectrepository.CommonMethods.<init>(CommonMethods.java:24)at objectrepository.CommonMethods.<init>(CommonMethods.java:24)at objectrepository.CommonMethods.<init>(CommonMethods.java:24)at objectrepository.CommonMethods.<init>(CommonMethods.java:24)at objectrepository.CommonMethods.<init>(CommonMethods.java:24)at objectrepository.CommonMethods.<init>(CommonMethods.java:24)at objectrepository.CommonMethods.<init>(CommonMethods.java:24)at objectrepository.CommonMethods.<init>(CommonMethods.java:24)at objectrepository.CommonMethods.<init>(CommonMethods.java:24)at objectrepository.CommonMethods.<init>(CommonMethods.java:24)at objectrepository.CommonMethods.<init>(CommonMethods.java:24)at objectrepository.CommonMethods.<init>(CommonMethods.java:24)at objectrepository.CommonMethods.<init>(CommonMethods.java:24)at objectrepository.CommonMethods.<init>(CommonMethods.java:24)at objectrepository.CommonMethods.<init>(CommonMethods.java:24)at objectrepository.CommonMethods.<init>(CommonMethods.java:24)at objectrepository.CommonMethods.<init>(CommonMethods.java:24)at objectrepository.CommonMethods.<init>(CommonMethods.java:24)at objectrepository.CommonMethods.<init>(CommonMethods.java:24)at objectrepository.CommonMethods.<init>(CommonMethods.java:24)at objectrepository.CommonMethods.<init>(CommonMethods.java:24)at objectrepository.CommonMethods.<init>(CommonMethods.java:24)at objectrepository.CommonMethods.<init>(CommonMethods.java:24)at objectrepository.CommonMethods.<init>(CommonMethods.java:24)at objectrepository.CommonMethods.<init>(CommonMethods.java:24)at objectrepository.CommonMethods.<init>(CommonMethods.java:24)at objectrepository.CommonMethods.<init>(CommonMethods.java:24)at objectrepository.CommonMethods.<init>(CommonMethods.java:24)at objectrepository.CommonMethods.<init>(CommonMethods.java:24)at objectrepository.CommonMethods.<init>(CommonMethods.java:24)at objectrepository.CommonMethods.<init>(CommonMethods.java:24)at objectrepository.CommonMethods.<init>(CommonMethods.java:24)at objectrepository.CommonMethods.<init>(CommonMethods.java:24)at objectrepository.CommonMethods.<init>(CommonMethods.java:24)at objectrepository.CommonMethods.<init>(CommonMethods.java:24)at objectrepository.CommonMethods.<init>(CommonMethods.java:24)at objectrepository.CommonMethods.<init>(CommonMethods.java:24)at objectrepository.CommonMethods.<init>(CommonMethods.java:24)at objectrepository.CommonMethods.<init>(CommonMethods.java:24)at objectrepository.CommonMethods.<init>(CommonMethods.java:24)at objectrepository.CommonMethods.<init>(CommonMethods.java:24)at objectrepository.CommonMethods.<init>(CommonMethods.java:24)at objectrepository.CommonMethods.<init>(CommonMethods.java:24)at objectrepository.CommonMethods.<init>(CommonMethods.java:24)at objectrepository.CommonMethods.<init>(CommonMethods.java:24)at objectrepository.CommonMethods.<init>(CommonMethods.java:24)at objectrepository.CommonMethods.<init>(CommonMethods.java:24)at objectrepository.CommonMethods.<init>(CommonMethods.java:24)at objectrepository.CommonMethods.<init>(CommonMethods.java:24)at objectrepository.CommonMethods.<init>(CommonMethods.java:24)at objectrepository.CommonMethods.<init>(CommonMethods.java:24)at objectrepository.CommonMethods.<init>(CommonMethods.java:24)at objectrepository.CommonMethods.<init>(CommonMethods.java:24)at objectrepository.CommonMethods.<init>(CommonMethods.java:24)at objectrepository.CommonMethods.<init>(CommonMethods.java:24)at objectrepository.CommonMethods.<init>(CommonMethods.java:24)at objectrepository.CommonMethods.<init>(CommonMethods.java:24)at objectrepository.CommonMethods.<init>(CommonMethods.java:24)at objectrepository.CommonMethods.<init>(CommonMethods.java:24)at objectrepository.CommonMethods.<init>(CommonMethods.java:24)at objectrepository.CommonMethods.<init>(CommonMethods.java:24)at objectrepository.CommonMethods.<init>(CommonMethods.java:24)at objectrepository.CommonMethods.<init>(CommonMethods.java:24)at objectrepository.CommonMethods.<init>(CommonMethods.java:24)at objectrepository.CommonMethods.<init>(CommonMethods.java:24)at objectrepository.CommonMethods.<init>(CommonMethods.java:24)at objectrepository.CommonMethods.<init>(CommonMethods.java:24)at objectrepository.CommonMethods.<init>(CommonMethods.java:24)at objectrepository.CommonMethods.<init>(CommonMethods.java:24)at objectrepository.CommonMethods.<init>(CommonMethods.java:24)at objectrepository.CommonMethods.<init>(CommonMethods.java:24)at objectrepository.CommonMethods.<init>(CommonMethods.java:24)at objectrepository.CommonMethods.<init>(CommonMethods.java:24)at objectrepository.CommonMethods.<init>(CommonMethods.java:24)at objectrepository.CommonMethods.<init>(CommonMethods.java:24)at objectrepository.CommonMethods.<init>(CommonMethods.java:24)at objectrepository.CommonMethods.<init>(CommonMethods.java:24)at objectrepository.CommonMethods.<init>(CommonMethods.java:24)at objectrepository.CommonMethods.<init>(CommonMethods.java:24)at objectrepository.CommonMethods.<init>(CommonMethods.java:24)at objectrepository.CommonMethods.<init>(CommonMethods.java:24)at objectrepository.CommonMethods.<init>(CommonMethods.java:24)at objectrepository.CommonMethods.<init>(CommonMethods.java:24)at objectrepository.CommonMethods.<init>(CommonMethods.java:24)at objectrepository.CommonMethods.<init>(CommonMethods.java:24)at objectrepository.CommonMethods.<init>(CommonMethods.java:24)at objectrepository.CommonMethods.<init>(CommonMethods.java:24)at objectrepository.CommonMethods.<init>(CommonMethods.java:24)at objectrepository.CommonMethods.<init>(CommonMethods.java:24)at objectrepository.CommonMethods.<init>(CommonMethods.java:24)at objectrepository.CommonMethods.<init>(CommonMethods.java:24)at objectrepository.CommonMethods.<init>(CommonMethods.java:24)at objectrepository.CommonMethods.<init>(CommonMethods.java:24)at objectrepository.CommonMethods.<init>(CommonMethods.java:24)at objectrepository.CommonMethods.<init>(CommonMethods.java:24)at objectrepository.CommonMethods.<init>(CommonMethods.java:24)at objectrepository.CommonMethods.<init>(CommonMethods.java:24)at objectrepository.CommonMethods.<init>(CommonMethods.java:24)at objectrepository.CommonMethods.<init>(CommonMethods.java:24)at objectrepository.CommonMethods.<init>(CommonMethods.java:24)at objectrepository.CommonMethods.<init>(CommonMethods.java:24)at objectrepository.CommonMethods.<init>(CommonMethods.java:24)at objectrepository.CommonMethods.<init>(CommonMethods.java:24)at objectrepository.CommonMethods.<init>(CommonMethods.java:24)at objectrepository.CommonMethods.<init>(CommonMethods.java:24)at objectrepository.CommonMethods.<init>(CommonMethods.java:24)at objectrepository.CommonMethods.<init>(CommonMethods.java:24)at objectrepository.CommonMethods.<init>(CommonMethods.java:24)at objectrepository.CommonMethods.<init>(CommonMethods.java:24)at objectrepository.CommonMethods.<init>(CommonMethods.java:24)at objectrepository.CommonMethods.<init>(CommonMethods.java:24)at objectrepository.CommonMethods.<init>(CommonMethods.java:24)at objectrepository.CommonMethods.<init>(CommonMethods.java:24)at objectrepository.CommonMethods.<init>(CommonMethods.java:24)at objectrepository.CommonMethods.<init>(CommonMethods.java:24)at objectrepository.CommonMethods.<init>(CommonMethods.java:24)at objectrepository.CommonMethods.<init>(CommonMethods.java:24)at objectrepository.CommonMethods.<init>(CommonMethods.java:24)at objectrepository.CommonMethods.<init>(CommonMethods.java:24)at objectrepository.CommonMethods.<init>(CommonMethods.java:24)at objectrepository.CommonMethods.<init>(CommonMethods.java:24)at objectrepository.CommonMethods.<init>(CommonMethods.java:24)at objectrepository.CommonMethods.<init>(CommonMethods.java:24)at objectrepository.CommonMethods.<init>(CommonMethods.java:24)at objectrepository.CommonMethods.<init>(CommonMethods.java:24)at objectrepository.CommonMethods.<init>(CommonMethods.java:24)at objectrepository.CommonMethods.<init>(CommonMethods.java:24)at objectrepository.CommonMethods.<init>(CommonMethods.java:24)at objectrepository.CommonMethods.<init>(CommonMethods.java:24)at objectrepository.CommonMethods.<init>(CommonMethods.java:24)at objectrepository.CommonMethods.<init>(CommonMethods.java:24)at objectrepository.CommonMethods.<init>(CommonMethods.java:24)at objectrepository.CommonMethods.<init>(CommonMethods.java:24)at objectrepository.CommonMethods.<init>(CommonMethods.java:24)at objectrepository.CommonMethods.<init>(CommonMethods.java:24)at objectrepository.CommonMethods.<init>(CommonMethods.java:24)at objectrepository.CommonMethods.<init>(CommonMethods.java:24)at objectrepository.CommonMethods.<init>(CommonMethods.java:24)at objectrepository.CommonMethods.<init>(CommonMethods.java:24)at objectrepository.CommonMethods.<init>(CommonMethods.java:24)at objectrepository.CommonMethods.<init>(CommonMethods.java:24)at objectrepository.CommonMethods.<init>(CommonMethods.java:24)at objectrepository.CommonMethods.<init>(CommonMethods.java:24)at objectrepository.CommonMethods.<init>(CommonMethods.java:24)at objectrepository.CommonMethods.<init>(CommonMethods.java:24)at objectrepository.CommonMethods.<init>(CommonMethods.java:24)at objectrepository.CommonMethods.<init>(CommonMethods.java:24)at objectrepository.CommonMethods.<init>(CommonMethods.java:24)at objectrepository.CommonMethods.<init>(CommonMethods.java:24)at objectrepository.CommonMethods.<init>(CommonMethods.java:24)at objectrepository.CommonMethods.<init>(CommonMethods.java:24)at objectrepository.CommonMethods.<init>(CommonMethods.java:24)at objectrepository.CommonMethods.<init>(CommonMethods.java:24)at objectrepository.CommonMethods.<init>(CommonMethods.java:24)at objectrepository.CommonMethods.<init>(CommonMethods.java:24)at objectrepository.CommonMethods.<init>(CommonMethods.java:24)at objectrepository.CommonMethods.<init>(CommonMethods.java:24)at objectrepository.CommonMethods.<init>(CommonMethods.java:24)at objectrepository.CommonMethods.<init>(CommonMethods.java:24)at objectrepository.CommonMethods.<init>(CommonMethods.java:24)at objectrepository.CommonMethods.<init>(CommonMethods.java:24)at objectrepository.CommonMethods.<init>(CommonMethods.java:24)at objectrepository.CommonMethods.<init>(CommonMethods.java:24)at objectrepository.CommonMethods.<init>(CommonMethods.java:24)at objectrepository.CommonMethods.<init>(CommonMethods.java:24)at objectrepository.CommonMethods.<init>(CommonMethods.java:24)at objectrepository.CommonMethods.<init>(CommonMethods.java:24)at objectrepository.CommonMethods.<init>(CommonMethods.java:24)at objectrepository.CommonMethods.<init>(CommonMethods.java:24)at objectrepository.CommonMethods.<init>(CommonMethods.java:24)at objectrepository.CommonMethods.<init>(CommonMethods.java:24)at objectrepository.CommonMethods.<init>(CommonMethods.java:24)at objectrepository.CommonMethods.<init>(CommonMethods.java:24)at objectrepository.CommonMethods.<init>(CommonMethods.java:24)at objectrepository.CommonMethods.<init>(CommonMethods.java:24)at objectrepository.CommonMethods.<init>(CommonMethods.java:24)at objectrepository.CommonMethods.<init>(CommonMethods.java:24)at objectrepository.CommonMethods.<init>(CommonMethods.java:24)at objectrepository.CommonMethods.<init>(CommonMethods.java:24)at objectrepository.CommonMethods.<init>(CommonMethods.java:24)at objectrepository.CommonMethods.<init>(CommonMethods.java:24)at objectrepository.CommonMethods.<init>(CommonMethods.java:24)at objectrepository.CommonMethods.<init>(CommonMethods.java:24)at objectrepository.CommonMethods.<init>(CommonMethods.java:24)at objectrepository.CommonMethods.<init>(CommonMethods.java:24)at objectrepository.CommonMethods.<init>(CommonMethods.java:24)at objectrepository.CommonMethods.<init>(CommonMethods.java:24)at objectrepository.CommonMethods.<init>(CommonMethods.java:24)at objectrepository.CommonMethods.<init>(CommonMethods.java:24)at objectrepository.CommonMethods.<init>(CommonMethods.java:24)at objectrepository.CommonMethods.<init>(CommonMethods.java:24)at objectrepository.CommonMethods.<init>(CommonMethods.java:24)at objectrepository.CommonMethods.<init>(CommonMethods.java:24)at objectrepository.CommonMethods.<init>(CommonMethods.java:24)at objectrepository.CommonMethods.<init>(CommonMethods.java:24)at objectrepository.CommonMethods.<init>(CommonMethods.java:24)at objectrepository.CommonMethods.<init>(CommonMethods.java:24)at objectrepository.CommonMethods.<init>(CommonMethods.java:24)at objectrepository.CommonMethods.<init>(CommonMethods.java:24)at objectrepository.CommonMethods.<init>(CommonMethods.java:24)at objectrepository.CommonMethods.<init>(CommonMethods.java:24)at objectrepository.CommonMethods.<init>(CommonMethods.java:24)at objectrepository.CommonMethods.<init>(CommonMethods.java:24)at objectrepository.CommonMethods.<init>(CommonMethods.java:24)at objectrepository.CommonMethods.<init>(CommonMethods.java:24)at objectrepository.CommonMethods.<init>(CommonMethods.java:24)at objectrepository.CommonMethods.<init>(CommonMethods.java:24)at objectrepository.CommonMethods.<init>(CommonMethods.java:24)at objectrepository.CommonMethods.<init>(CommonMethods.java:24)at objectrepository.CommonMethods.<init>(CommonMethods.java:24)at objectrepository.CommonMethods.<init>(CommonMethods.java:24)at objectrepository.CommonMethods.<init>(CommonMethods.java:24)at objectrepository.CommonMethods.<init>(CommonMethods.java:24)at objectrepository.CommonMethods.<init>(CommonMethods.java:24)at objectrepository.CommonMethods.<init>(CommonMethods.java:24)at objectrepository.CommonMethods.<init>(CommonMethods.java:24)at objectrepository.CommonMethods.<init>(CommonMethods.java:24)at objectrepository.CommonMethods.<init>(CommonMethods.java:24)at objectrepository.CommonMethods.<init>(CommonMethods.java:24)at objectrepository.CommonMethods.<init>(CommonMethods.java:24)at objectrepository.CommonMethods.<init>(CommonMethods.java:24)at objectrepository.CommonMethods.<init>(CommonMethods.java:24)at objectrepository.CommonMethods.<init>(CommonMethods.java:24)at objectrepository.CommonMethods.<init>(CommonMethods.java:24)at objectrepository.CommonMethods.<init>(CommonMethods.java:24)at objectrepository.CommonMethods.<init>(CommonMethods.java:24)at objectrepository.CommonMethods.<init>(CommonMethods.java:24)at objectrepository.CommonMethods.<init>(CommonMethods.java:24)at objectrepository.CommonMethods.<init>(CommonMethods.java:24)at objectrepository.CommonMethods.<init>(CommonMethods.java:24)at objectrepository.CommonMethods.<init>(CommonMethods.java:24)at objectrepository.CommonMethods.<init>(CommonMethods.java:24)at objectrepository.CommonMethods.<init>(CommonMethods.java:24)at objectrepository.CommonMethods.<init>(CommonMethods.java:24)at objectrepository.CommonMethods.<init>(CommonMethods.java:24)at objectrepository.CommonMethods.<init>(CommonMethods.java:24)at objectrepository.CommonMethods.<init>(CommonMethods.java:24)at objectrepository.CommonMethods.<init>(CommonMethods.java:24)at objectrepository.CommonMethods.<init>(CommonMethods.java:24)at objectrepository.CommonMethods.<init>(CommonMethods.java:24)at objectrepository.CommonMethods.<init>(CommonMethods.java:24)at objectrepository.CommonMethods.<init>(CommonMethods.java:24)at objectrepository.CommonMethods.<init>(CommonMethods.java:24)at objectrepository.CommonMethods.<init>(CommonMethods.java:24)at objectrepository.CommonMethods.<init>(CommonMethods.java:24)at objectrepository.CommonMethods.<init>(CommonMethods.java:24)at objectrepository.CommonMethods.<init>(CommonMethods.java:24)at objectrepository.CommonMethods.<init>(CommonMethods.java:24)at objectrepository.CommonMethods.<init>(CommonMethods.java:24)at objectrepository.CommonMethods.<init>(CommonMethods.java:24)at objectrepository.CommonMethods.<init>(CommonMethods.java:24)at objectrepository.CommonMethods.<init>(CommonMethods.java:24)at objectrepository.CommonMethods.<init>(CommonMethods.java:24)at objectrepository.CommonMethods.<init>(CommonMethods.java:24)at objectrepository.CommonMethods.<init>(CommonMethods.java:24)at objectrepository.CommonMethods.<init>(CommonMethods.java:24)at objectrepository.CommonMethods.<init>(CommonMethods.java:24)at objectrepository.CommonMethods.<init>(CommonMethods.java:24)at objectrepository.CommonMethods.<init>(CommonMethods.java:24)at objectrepository.CommonMethods.<init>(CommonMethods.java:24)at objectrepository.CommonMethods.<init>(CommonMethods.java:24)at objectrepository.CommonMethods.<init>(CommonMethods.java:24)at objectrepository.CommonMethods.<init>(CommonMethods.java:24)at objectrepository.CommonMethods.<init>(CommonMethods.java:24)at objectrepository.CommonMethods.<init>(CommonMethods.java:24)at objectrepository.CommonMethods.<init>(CommonMethods.java:24)at objectrepository.CommonMethods.<init>(CommonMethods.java:24)at objectrepository.CommonMethods.<init>(CommonMethods.java:24)at objectrepository.CommonMethods.<init>(CommonMethods.java:24)at objectrepository.CommonMethods.<init>(CommonMethods.java:24)at objectrepository.CommonMethods.<init>(CommonMethods.java:24)at objectrepository.CommonMethods.<init>(CommonMethods.java:24)at objectrepository.CommonMethods.<init>(CommonMethods.java:24)at objectrepository.CommonMethods.<init>(CommonMethods.java:24)at objectrepository.CommonMethods.<init>(CommonMethods.java:24)at objectrepository.CommonMethods.<init>(CommonMethods.java:24)at objectrepository.CommonMethods.<init>(CommonMethods.java:24)at objectrepository.CommonMethods.<init>(CommonMethods.java:24)at objectrepository.CommonMethods.<init>(CommonMethods.java:24)at objectrepository.CommonMethods.<init>(CommonMethods.java:24)at objectrepository.CommonMethods.<init>(CommonMethods.java:24)at objectrepository.CommonMethods.<init>(CommonMethods.java:24)at objectrepository.CommonMethods.<init>(CommonMethods.java:24)at objectrepository.CommonMethods.<init>(CommonMethods.java:24)at objectrepository.CommonMethods.<init>(CommonMethods.java:24)at objectrepository.CommonMethods.<init>(CommonMethods.java:24)at objectrepository.CommonMethods.<init>(CommonMethods.java:24)at objectrepository.CommonMethods.<init>(CommonMethods.java:24)at objectrepository.CommonMethods.<init>(CommonMethods.java:24)at objectrepository.CommonMethods.<init>(CommonMethods.java:24)at objectrepository.CommonMethods.<init>(CommonMethods.java:24)at objectrepository.CommonMethods.<init>(CommonMethods.java:24)at objectrepository.CommonMethods.<init>(CommonMethods.java:24)at objectrepository.CommonMethods.<init>(CommonMethods.java:24)at objectrepository.CommonMethods.<init>(CommonMethods.java:24)at objectrepository.CommonMethods.<init>(CommonMethods.java:24)at objectrepository.CommonMethods.<init>(CommonMethods.java:24)at objectrepository.CommonMethods.<init>(CommonMethods.java:24)at objectrepository.CommonMethods.<init>(CommonMethods.java:24)at objectrepository.CommonMethods.<init>(CommonMethods.java:24)at objectrepository.CommonMethods.<init>(CommonMethods.java:24)at objectrepository.CommonMethods.<init>(CommonMethods.java:24)at objectrepository.CommonMethods.<init>(CommonMethods.java:24)at objectrepository.CommonMethods.<init>(CommonMethods.java:24)at objectrepository.CommonMethods.<init>(CommonMethods.java:24)at objectrepository.CommonMethods.<init>(CommonMethods.java:24)at objectrepository.CommonMethods.<init>(CommonMethods.java:24)at objectrepository.CommonMethods.<init>(CommonMethods.java:24)at objectrepository.CommonMethods.<init>(CommonMethods.java:24)at objectrepository.CommonMethods.<init>(CommonMethods.java:24)at objectrepository.CommonMethods.<init>(CommonMethods.java:24)at objectrepository.CommonMethods.<init>(CommonMethods.java:24)at objectrepository.CommonMethods.<init>(CommonMethods.java:24)at objectrepository.CommonMethods.<init>(CommonMethods.java:24)at objectrepository.CommonMethods.<init>(CommonMethods.java:24)at objectrepository.CommonMethods.<init>(CommonMethods.java:24)at objectrepository.CommonMethods.<init>(CommonMethods.java:24)at objectrepository.CommonMethods.<init>(CommonMethods.java:24)at objectrepository.CommonMethods.<init>(CommonMethods.java:24)at objectrepository.CommonMethods.<init>(CommonMethods.java:24)at objectrepository.CommonMethods.<init>(CommonMethods.java:24)at objectrepository.CommonMethods.<init>(CommonMethods.java:24)at objectrepository.CommonMethods.<init>(CommonMethods.java:24)at objectrepository.CommonMethods.<init>(CommonMethods.java:24)at objectrepository.CommonMethods.<init>(CommonMethods.java:24)at objectrepository.CommonMethods.<init>(CommonMethods.java:24)at objectrepository.CommonMethods.<init>(CommonMethods.java:24)at objectrepository.CommonMethods.<init>(CommonMethods.java:24)at objectrepository.CommonMethods.<init>(CommonMethods.java:24)at objectrepository.CommonMethods.<init>(CommonMethods.java:24)at objectrepository.CommonMethods.<init>(CommonMethods.java:24)at objectrepository.CommonMethods.<init>(CommonMethods.java:24)at objectrepository.CommonMethods.<init>(CommonMethods.java:24)at objectrepository.CommonMethods.<init>(CommonMethods.java:24)at objectrepository.CommonMethods.<init>(CommonMethods.java:24)at objectrepository.CommonMethods.<init>(CommonMethods.java:24)at objectrepository.CommonMethods.<init>(CommonMethods.java:24)at objectrepository.CommonMethods.<init>(CommonMethods.java:24)at objectrepository.CommonMethods.<init>(CommonMethods.java:24)at objectrepository.CommonMethods.<init>(CommonMethods.java:24)at objectrepository.CommonMethods.<init>(CommonMethods.java:24)at objectrepository.CommonMethods.<init>(CommonMethods.java:24)at objectrepository.CommonMethods.<init>(CommonMethods.java:24)at objectrepository.CommonMethods.<init>(CommonMethods.java:24)at objectrepository.CommonMethods.<init>(CommonMethods.java:24)at objectrepository.CommonMethods.<init>(CommonMethods.java:24)at objectrepository.CommonMethods.<init>(CommonMethods.java:24)at objectrepository.CommonMethods.<init>(CommonMethods.java:24)at objectrepository.CommonMethods.<init>(CommonMethods.java:24)at objectrepository.CommonMethods.<init>(CommonMethods.java:24)at objectrepository.CommonMethods.<init>(CommonMethods.java:24)at objectrepository.CommonMethods.<init>(CommonMethods.java:24)at objectrepository.CommonMethods.<init>(CommonMethods.java:24)at objectrepository.CommonMethods.<init>(CommonMethods.java:24)at objectrepository.CommonMethods.<init>(CommonMethods.java:24)at objectrepository.CommonMethods.<init>(CommonMethods.java:24)at objectrepository.CommonMethods.<init>(CommonMethods.java:24)at objectrepository.CommonMethods.<init>(CommonMethods.java:24)at objectrepository.CommonMethods.<init>(CommonMethods.java:24)at objectrepository.CommonMethods.<init>(CommonMethods.java:24)at objectrepository.CommonMethods.<init>(CommonMethods.java:24)at objectrepository.CommonMethods.<init>(CommonMethods.java:24)at objectrepository.CommonMethods.<init>(CommonMethods.java:24)at objectrepository.CommonMethods.<init>(CommonMethods.java:24)at objectrepository.CommonMethods.<init>(CommonMethods.java:24)at objectrepository.CommonMethods.<init>(CommonMethods.java:24)at objectrepository.CommonMethods.<init>(CommonMethods.java:24)at objectrepository.CommonMethods.<init>(CommonMethods.java:24)at objectrepository.CommonMethods.<init>(CommonMethods.java:24)at objectrepository.CommonMethods.<init>(CommonMethods.java:24)at objectrepository.CommonMethods.<init>(CommonMethods.java:24)at objectrepository.CommonMethods.<init>(CommonMethods.java:24)at objectrepository.CommonMethods.<init>(CommonMethods.java:24)at objectrepository.CommonMethods.<init>(CommonMethods.java:24)at objectrepository.CommonMethods.<init>(CommonMethods.java:24)at objectrepository.CommonMethods.<init>(CommonMethods.java:24)at objectrepository.CommonMethods.<init>(CommonMethods.java:24)at objectrepository.CommonMethods.<init>(CommonMethods.java:24)at objectrepository.CommonMethods.<init>(CommonMethods.java:24)at objectrepository.CommonMethods.<init>(CommonMethods.java:24)at objectrepository.CommonMethods.<init>(CommonMethods.java:24)at objectrepository.CommonMethods.<init>(CommonMethods.java:24)at objectrepository.CommonMethods.<init>(CommonMethods.java:24)at objectrepository.CommonMethods.<init>(CommonMethods.java:24)at objectrepository.CommonMethods.<init>(CommonMethods.java:24)at objectrepository.CommonMethods.<init>(CommonMethods.java:24)at objectrepository.CommonMethods.<init>(CommonMethods.java:24)at objectrepository.CommonMethods.<init>(CommonMethods.java:24)at objectrepository.CommonMethods.<init>(CommonMethods.java:24)at objectrepository.CommonMethods.<init>(CommonMethods.java:24)at objectrepository.CommonMethods.<init>(CommonMethods.java:24)at objectrepository.CommonMethods.<init>(CommonMethods.java:24)at objectrepository.CommonMethods.<init>(CommonMethods.java:24)at objectrepository.CommonMethods.<init>(CommonMethods.java:24)at objectrepository.CommonMethods.<init>(CommonMethods.java:24)at objectrepository.CommonMethods.<init>(CommonMethods.java:24)at objectrepository.CommonMethods.<init>(CommonMethods.java:24)at objectrepository.CommonMethods.<init>(CommonMethods.java:24)at objectrepository.CommonMethods.<init>(CommonMethods.java:24)at objectrepository.CommonMethods.<init>(CommonMethods.java:24)at objectrepository.CommonMethods.<init>(CommonMethods.java:24)at objectrepository.CommonMethods.<init>(CommonMethods.java:24)at objectrepository.CommonMethods.<init>(CommonMethods.java:24)at objectrepository.CommonMethods.<init>(CommonMethods.java:24)at objectrepository.CommonMethods.<init>(CommonMethods.java:24)at objectrepository.CommonMethods.<init>(CommonMethods.java:24)at objectrepository.CommonMethods.<init>(CommonMethods.java:24)at objectrepository.CommonMethods.<init>(CommonMethods.java:24)at objectrepository.CommonMethods.<init>(CommonMethods.java:24)at objectrepository.CommonMethods.<init>(CommonMethods.java:24)at objectrepository.CommonMethods.<init>(CommonMethods.java:24)at objectrepository.CommonMethods.<init>(CommonMethods.java:24)at objectrepository.CommonMethods.<init>(CommonMethods.java:24)at objectrepository.CommonMethods.<init>(CommonMethods.java:24)at objectrepository.CommonMethods.<init>(CommonMethods.java:24)at objectrepository.CommonMethods.<init>(CommonMethods.java:24)at objectrepository.CommonMethods.<init>(CommonMethods.java:24)at objectrepository.CommonMethods.<init>(CommonMethods.java:24)at objectrepository.CommonMethods.<init>(CommonMethods.java:24)at objectrepository.CommonMethods.<init>(CommonMethods.java:24)at objectrepository.CommonMethods.<init>(CommonMethods.java:24)at objectrepository.CommonMethods.<init>(CommonMethods.java:24)at objectrepository.CommonMethods.<init>(CommonMethods.java:24)at objectrepository.CommonMethods.<init>(CommonMethods.java:24)at objectrepository.CommonMethods.<init>(CommonMethods.java:24)at objectrepository.CommonMethods.<init>(CommonMethods.java:24)at objectrepository.CommonMethods.<init>(CommonMethods.java:24)at objectrepository.CommonMethods.<init>(CommonMethods.java:24)at objectrepository.CommonMethods.<init>(CommonMethods.java:24)at objectrepository.CommonMethods.<init>(CommonMethods.java:24)at objectrepository.CommonMethods.<init>(CommonMethods.java:24)at objectrepository.CommonMethods.<init>(CommonMethods.java:24)at objectrepository.CommonMethods.<init>(CommonMethods.java:24)at objectrepository.CommonMethods.<init>(CommonMethods.java:24)at objectrepository.CommonMethods.<init>(CommonMethods.java:24)at objectrepository.CommonMethods.<init>(CommonMethods.java:24)at objectrepository.CommonMethods.<init>(CommonMethods.java:24)at objectrepository.CommonMethods.<init>(CommonMethods.java:24)at objectrepository.CommonMethods.<init>(CommonMethods.java:24)at objectrepository.CommonMethods.<init>(CommonMethods.java:24)at objectrepository.CommonMethods.<init>(CommonMethods.java:24)at objectrepository.CommonMethods.<init>(CommonMethods.java:24)at objectrepository.CommonMethods.<init>(CommonMethods.java:24)at objectrepository.CommonMethods.<init>(CommonMethods.java:24)at objectrepository.CommonMethods.<init>(CommonMethods.java:24)at objectrepository.CommonMethods.<init>(CommonMethods.java:24)at objectrepository.CommonMethods.<init>(CommonMethods.java:24)at objectrepository.CommonMethods.<init>(CommonMethods.java:24)at objectrepository.CommonMethods.<init>(CommonMethods.java:24)at objectrepository.CommonMethods.<init>(CommonMethods.java:24)at objectrepository.CommonMethods.<init>(CommonMethods.java:24)at objectrepository.CommonMethods.<init>(CommonMethods.java:24)at objectrepository.CommonMethods.<init>(CommonMethods.java:24)at objectrepository.CommonMethods.<init>(CommonMethods.java:24)at objectrepository.CommonMethods.<init>(CommonMethods.java:24)at objectrepository.CommonMethods.<init>(CommonMethods.java:24)at objectrepository.CommonMethods.<init>(CommonMethods.java:24)at objectrepository.CommonMethods.<init>(CommonMethods.java:24)at objectrepository.CommonMethods.<init>(CommonMethods.java:24)at objectrepository.CommonMethods.<init>(CommonMethods.java:24)at objectrepository.CommonMethods.<init>(CommonMethods.java:24)at objectrepository.CommonMethods.<init>(CommonMethods.java:24)at objectrepository.CommonMethods.<init>(CommonMethods.java:24)at objectrepository.CommonMethods.<init>(CommonMethods.java:24)at objectrepository.CommonMethods.<init>(CommonMethods.java:24)at objectrepository.CommonMethods.<init>(CommonMethods.java:24)at objectrepository.CommonMethods.<init>(CommonMethods.java:24)at objectrepository.CommonMethods.<init>(CommonMethods.java:24)at objectrepository.CommonMethods.<init>(CommonMethods.java:24)at objectrepository.CommonMethods.<init>(CommonMethods.java:24)at objectrepository.CommonMethods.<init>(CommonMethods.java:24)at objectrepository.CommonMethods.<init>(CommonMethods.java:24)at objectrepository.CommonMethods.<init>(CommonMethods.java:24)at objectrepository.CommonMethods.<init>(CommonMethods.java:24)at objectrepository.CommonMethods.<init>(CommonMethods.java:24)at objectrepository.CommonMethods.<init>(CommonMethods.java:24)at objectrepository.CommonMethods.<init>(CommonMethods.java:24)at objectrepository.CommonMethods.<init>(CommonMethods.java:24)at objectrepository.CommonMethods.<init>(CommonMethods.java:24)at objectrepository.CommonMethods.<init>(CommonMethods.java:24)at objectrepository.CommonMethods.<init>(CommonMethods.java:24)at objectrepository.CommonMethods.<init>(CommonMethods.java:24)at objectrepository.CommonMethods.<init>(CommonMethods.java:24)at objectrepository.CommonMethods.<init>(CommonMethods.java:24)at objectrepository.CommonMethods.<init>(CommonMethods.java:24)at objectrepository.CommonMethods.<init>(CommonMethods.java:24)at objectrepository.CommonMethods.<init>(CommonMethods.java:24)at objectrepository.CommonMethods.<init>(CommonMethods.java:24)at objectrepository.CommonMethods.<init>(CommonMethods.java:24)at objectrepository.CommonMethods.<init>(CommonMethods.java:24)at objectrepository.CommonMethods.<init>(CommonMethods.java:24)at objectrepository.CommonMethods.<init>(CommonMethods.java:24)at objectrepository.CommonMethods.<init>(CommonMethods.java:24)at objectrepository.CommonMethods.<init>(CommonMethods.java:24)at objectrepository.CommonMethods.<init>(CommonMethods.java:24)at objectrepository.CommonMethods.<init>(CommonMethods.java:24)at objectrepository.CommonMethods.<init>(CommonMethods.java:24)at objectrepository.CommonMethods.<init>(CommonMethods.java:24)at objectrepository.CommonMethods.<init>(CommonMethods.java:24)at objectrepository.CommonMethods.<init>(CommonMethods.java:24)at objectrepository.CommonMethods.<init>(CommonMethods.java:24)at objectrepository.CommonMethods.<init>(CommonMethods.java:24)at objectrepository.CommonMethods.<init>(CommonMethods.java:24)at objectrepository.CommonMethods.<init>(CommonMethods.java:24)at objectrepository.CommonMethods.<init>(CommonMethods.java:24)at objectrepository.CommonMethods.<init>(CommonMethods.java:24)at objectrepository.CommonMethods.<init>(CommonMethods.java:24)at objectrepository.CommonMethods.<init>(CommonMethods.java:24)at objectrepository.CommonMethods.<init>(CommonMethods.java:24)at objectrepository.CommonMethods.<init>(CommonMethods.java:24)at objectrepository.CommonMethods.<init>(CommonMethods.java:24)at objectrepository.CommonMethods.<init>(CommonMethods.java:24)at objectrepository.CommonMethods.<init>(CommonMethods.java:24)at objectrepository.CommonMethods.<init>(CommonMethods.java:24)at objectrepository.CommonMethods.<init>(CommonMethods.java:24)at objectrepository.CommonMethods.<init>(CommonMethods.java:24)at objectrepository.CommonMethods.<init>(CommonMethods.java:24)at objectrepository.CommonMethods.<init>(CommonMethods.java:24)at objectrepository.CommonMethods.<init>(CommonMethods.java:24)at objectrepository.CommonMethods.<init>(CommonMethods.java:24)at objectrepository.CommonMethods.<init>(CommonMethods.java:24)at objectrepository.CommonMethods.<init>(CommonMethods.java:24)at objectrepository.CommonMethods.<init>(CommonMethods.java:24)at objectrepository.CommonMethods.<init>(CommonMethods.java:24)at objectrepository.CommonMethods.<init>(CommonMethods.java:24)at objectrepository.CommonMethods.<init>(CommonMethods.java:24)at objectrepository.CommonMethods.<init>(CommonMethods.java:24)at objectrepository.CommonMethods.<init>(CommonMethods.java:24)at objectrepository.CommonMethods.<init>(CommonMethods.java:24)at objectrepository.CommonMethods.<init>(CommonMethods.java:24)at objectrepository.CommonMethods.<init>(CommonMethods.java:24)at objectrepository.CommonMethods.<init>(CommonMethods.java:24)at objectrepository.CommonMethods.<init>(CommonMethods.java:24)at objectrepository.CommonMethods.<init>(CommonMethods.java:24)at objectrepository.CommonMethods.<init>(CommonMethods.java:24)at objectrepository.CommonMethods.<init>(CommonMethods.java:24)at objectrepository.CommonMethods.<init>(CommonMethods.java:24)at objectrepository.CommonMethods.<init>(CommonMethods.java:24)at objectrepository.CommonMethods.<init>(CommonMethods.java:24)at objectrepository.CommonMethods.<init>(CommonMethods.java:24)at objectrepository.CommonMethods.<init>(CommonMethods.java:24)at objectrepository.CommonMethods.<init>(CommonMethods.java:24)at objectrepository.CommonMethods.<init>(CommonMethods.java:24)at objectrepository.CommonMethods.<init>(CommonMethods.java:24)at objectrepository.CommonMethods.<init>(CommonMethods.java:24)at objectrepository.CommonMethods.<init>(CommonMethods.java:24)at objectrepository.CommonMethods.<init>(CommonMethods.java:24)at objectrepository.CommonMethods.<init>(CommonMethods.java:24)at objectrepository.CommonMethods.<init>(CommonMethods.java:24)at objectrepository.CommonMethods.<init>(CommonMethods.java:24)at objectrepository.CommonMethods.<init>(CommonMethods.java:24)at objectrepository.CommonMethods.<init>(CommonMethods.java:24)at objectrepository.CommonMethods.<init>(CommonMethods.java:24)at objectrepository.CommonMethods.<init>(CommonMethods.java:24)at objectrepository.CommonMethods.<init>(CommonMethods.java:24)at objectrepository.CommonMethods.<init>(CommonMethods.java:24)at objectrepository.CommonMethods.<init>(CommonMethods.java:24)at objectrepository.CommonMethods.<init>(CommonMethods.java:24)at objectrepository.CommonMethods.<init>(CommonMethods.java:24)at objectrepository.CommonMethods.<init>(CommonMethods.java:24)at objectrepository.CommonMethods.<init>(CommonMethods.java:24)at objectrepository.CommonMethods.<init>(CommonMethods.java:24)at objectrepository.CommonMethods.<init>(CommonMethods.java:24)at objectrepository.CommonMethods.<init>(CommonMethods.java:24)at objectrepository.CommonMethods.<init>(CommonMethods.java:24)at objectrepository.CommonMethods.<init>(CommonMethods.java:24)at objectrepository.CommonMethods.<init>(CommonMethods.java:24)at objectrepository.CommonMethods.<init>(CommonMethods.java:24)at objectrepository.CommonMethods.<init>(CommonMethods.java:24)at objectrepository.CommonMethods.<init>(CommonMethods.java:24)at objectrepository.CommonMethods.<init>(CommonMethods.java:24)at objectrepository.CommonMethods.<init>(CommonMethods.java:24)at objectrepository.CommonMethods.<init>(CommonMethods.java:24)at objectrepository.CommonMethods.<init>(CommonMethods.java:24)at objectrepository.CommonMethods.<init>(CommonMethods.java:24)at objectrepository.CommonMethods.<init>(CommonMethods.java:24)at objectrepository.CommonMethods.<init>(CommonMethods.java:24)at objectrepository.CommonMethods.<init>(CommonMethods.java:24)at objectrepository.CommonMethods.<init>(CommonMethods.java:24)at objectrepository.CommonMethods.<init>(CommonMethods.java:24)at objectrepository.CommonMethods.<init>(CommonMethods.java:24)at objectrepository.CommonMethods.<init>(CommonMethods.java:24)at objectrepository.CommonMethods.<init>(CommonMethods.java:24)at objectrepository.CommonMethods.<init>(CommonMethods.java:24)at objectrepository.CommonMethods.<init>(CommonMethods.java:24)at objectrepository.CommonMethods.<init>(CommonMethods.java:24)at objectrepository.CommonMethods.<init>(CommonMethods.java:24)at objectrepository.CommonMethods.<init>(CommonMethods.java:24)at objectrepository.CommonMethods.<init>(CommonMethods.java:24)at objectrepository.CommonMethods.<init>(CommonMethods.java:24)at objectrepository.CommonMethods.<init>(CommonMethods.java:24)at objectrepository.CommonMethods.<init>(CommonMethods.java:24)at objectrepository.CommonMethods.<init>(CommonMethods.java:24)at objectrepository.CommonMethods.<init>(CommonMethods.java:24)at objectrepository.CommonMethods.<init>(CommonMethods.java:24)at objectrepository.CommonMethods.<init>(CommonMethods.java:24)at objectrepository.CommonMethods.<init>(CommonMethods.java:24)at objectrepository.CommonMethods.<init>(CommonMethods.java:24)at objectrepository.CommonMethods.<init>(CommonMethods.java:24)at objectrepository.CommonMethods.<init>(CommonMethods.java:24)at objectrepository.CommonMethods.<init>(CommonMethods.java:24)at objectrepository.CommonMethods.<init>(CommonMethods.java:24)at objectrepository.CommonMethods.<init>(CommonMethods.java:24)at objectrepository.CommonMethods.<init>(CommonMethods.java:24)at objectrepository.CommonMethods.<init>(CommonMethods.java:24)at objectrepository.CommonMethods.<init>(CommonMethods.java:24)at objectrepository.CommonMethods.<init>(CommonMethods.java:24)at objectrepository.CommonMethods.<init>(CommonMethods.java:24)at objectrepository.CommonMethods.<init>(CommonMethods.java:24)at objectrepository.CommonMethods.<init>(CommonMethods.java:24)at objectrepository.CommonMethods.<init>(CommonMethods.java:24)at objectrepository.CommonMethods.<init>(CommonMethods.java:24)at objectrepository.CommonMethods.<init>(CommonMethods.java:24)at objectrepository.CommonMethods.<init>(CommonMethods.java:24)at objectrepository.CommonMethods.<init>(CommonMethods.java:24)at objectrepository.CommonMethods.<init>(CommonMethods.java:24)at objectrepository.CommonMethods.<init>(CommonMethods.java:24)at objectrepository.CommonMethods.<init>(CommonMethods.java:24)at objectrepository.CommonMethods.<init>(CommonMethods.java:24)at objectrepository.CommonMethods.<init>(CommonMethods.java:24)at objectrepository.CommonMethods.<init>(CommonMethods.java:24)at objectrepository.CommonMethods.<init>(CommonMethods.java:24)at objectrepository.CommonMethods.<init>(CommonMethods.java:24)at objectrepository.CommonMethods.<init>(CommonMethods.java:24)at objectrepository.CommonMethods.<init>(CommonMethods.java:24)at objectrepository.CommonMethods.<init>(CommonMethods.java:24)at objectrepository.CommonMethods.<init>(CommonMethods.java:24)at objectrepository.CommonMethods.<init>(CommonMethods.java:24)at objectrepository.CommonMethods.<init>(CommonMethods.java:24)at objectrepository.CommonMethods.<init>(CommonMethods.java:24)at objectrepository.CommonMethods.<init>(CommonMethods.java:24)at objectrepository.CommonMethods.<init>(CommonMethods.java:24)at objectrepository.CommonMethods.<init>(CommonMethods.java:24)at objectrepository.CommonMethods.<init>(CommonMethods.java:24)at objectrepository.CommonMethods.<init>(CommonMethods.java:24)at objectrepository.CommonMethods.<init>(CommonMethods.java:24)at objectrepository.CommonMethods.<init>(CommonMethods.java:24)at objectrepository.CommonMethods.<init>(CommonMethods.java:24)at objectrepository.CommonMethods.<init>(CommonMethods.java:24)at objectrepository.CommonMethods.<init>(CommonMethods.java:24)at objectrepository.CommonMethods.<init>(CommonMethods.java:24)at objectrepository.CommonMethods.<init>(CommonMethods.java:24)at objectrepository.CommonMethods.<init>(CommonMethods.java:24)at objectrepository.CommonMethods.<init>(CommonMethods.java:24)at objectrepository.CommonMethods.<init>(CommonMethods.java:24)at objectrepository.CommonMethods.<init>(CommonMethods.java:24)at objectrepository.CommonMethods.<init>(CommonMethods.java:24)at objectrepository.CommonMethods.<init>(CommonMethods.java:24)at objectrepository.CommonMethods.<init>(CommonMethods.java:24)at objectrepository.CommonMethods.<init>(CommonMethods.java:24)at objectrepository.CommonMethods.<init>(CommonMethods.java:24)at objectrepository.CommonMethods.<init>(CommonMethods.java:24)at objectrepository.CommonMethods.<init>(CommonMethods.java:24)at objectrepository.CommonMethods.<init>(CommonMethods.java:24)at objectrepository.CommonMethods.<init>(CommonMethods.java:24)at objectrepository.CommonMethods.<init>(CommonMethods.java:24)at objectrepository.CommonMethods.<init>(CommonMethods.java:24)at objectrepository.CommonMethods.<init>(CommonMethods.java:24)at objectrepository.CommonMethods.<init>(CommonMethods.java:24)at objectrepository.CommonMethods.<init>(CommonMethods.java:24)at objectrepository.CommonMethods.<init>(CommonMethods.java:24)at objectrepository.CommonMethods.<init>(CommonMethods.java:24)at objectrepository.CommonMethods.<init>(CommonMethods.java:24)at objectrepository.CommonMethods.<init>(CommonMethods.java:24)at objectrepository.CommonMethods.<init>(CommonMethods.java:24)at objectrepository.CommonMethods.<init>(CommonMethods.java:24)at objectrepository.CommonMethods.<init>(CommonMethods.java:24)at objectrepository.CommonMethods.<init>(CommonMethods.java:24)at objectrepository.CommonMethods.<init>(CommonMethods.java:24)at objectrepository.CommonMethods.<init>(CommonMethods.java:24)at objectrepository.CommonMethods.<init>(CommonMethods.java:24)at objectrepository.CommonMethods.<init>(CommonMethods.java:24)at objectrepository.CommonMethods.<init>(CommonMethods.java:24)at objectrepository.CommonMethods.<init>(CommonMethods.java:24)at objectrepository.CommonMethods.<init>(CommonMethods.java:24)at objectrepository.CommonMethods.<init>(CommonMethods.java:24)at objectrepository.CommonMethods.<init>(CommonMethods.java:24)at objectrepository.CommonMethods.<init>(CommonMethods.java:24)at objectrepository.CommonMethods.<init>(CommonMethods.java:24)at objectrepository.CommonMethods.<init>(CommonMethods.java:24)at objectrepository.CommonMethods.<init>(CommonMethods.java:24)at objectrepository.CommonMethods.<init>(CommonMethods.java:24)at objectrepository.CommonMethods.<init>(CommonMethods.java:24)at objectrepository.CommonMethods.<init>(CommonMethods.java:24)at objectrepository.CommonMethods.<init>(CommonMethods.java:24)at objectrepository.CommonMethods.<init>(CommonMethods.java:24)at objectrepository.CommonMethods.<init>(CommonMethods.java:24)at objectrepository.CommonMethods.<init>(CommonMethods.java:24)at objectrepository.CommonMethods.<init>(CommonMethods.java:24)at objectrepository.CommonMethods.<init>(CommonMethods.java:24)at objectrepository.CommonMethods.<init>(CommonMethods.java:24)at objectrepository.CommonMethods.<init>(CommonMethods.java:24)at objectrepository.CommonMethods.<init>(CommonMethods.java:24)at objectrepository.CommonMethods.<init>(CommonMethods.java:24)at objectrepository.CommonMethods.<init>(CommonMethods.java:24)at objectrepository.CommonMethods.<init>(CommonMethods.java:24)at objectrepository.CommonMethods.<init>(CommonMethods.java:24)at objectrepository.CommonMethods.<init>(CommonMethods.java:24)at objectrepository.CommonMethods.<init>(CommonMethods.java:24)at objectrepository.CommonMethods.<init>(CommonMethods.java:24)at objectrepository.CommonMethods.<init>(CommonMethods.java:24)at objectrepository.CommonMethods.<init>(CommonMethods.java:24)at objectrepository.CommonMethods.<init>(CommonMethods.java:24)at objectrepository.CommonMethods.<init>(CommonMethods.java:24)at objectrepository.CommonMethods.<init>(CommonMethods.java:24)at objectrepository.CommonMethods.<init>(CommonMethods.java:24)at objectrepository.CommonMethods.<init>(CommonMethods.java:24)at objectrepository.CommonMethods.<init>(CommonMethods.java:24)at objectrepository.CommonMethods.<init>(CommonMethods.java:24)at objectrepository.CommonMethods.<init>(CommonMethods.java:24)at objectrepository.CommonMethods.<init>(CommonMethods.java:24)at objectrepository.CommonMethods.<init>(CommonMethods.java:24)at objectrepository.CommonMethods.<init>(CommonMethods.java:24)at objectrepository.CommonMethods.<init>(CommonMethods.java:24)at objectrepository.CommonMethods.<init>(CommonMethods.java:24)at objectrepository.CommonMethods.<init>(CommonMethods.java:24)at objectrepository.CommonMethods.<init>(CommonMethods.java:24)at objectrepository.CommonMethods.<init>(CommonMethods.java:24)at objectrepository.CommonMethods.<init>(CommonMethods.java:24)at objectrepository.CommonMethods.<init>(CommonMethods.java:24)at objectrepository.CommonMethods.<init>(CommonMethods.java:24)at objectrepository.CommonMethods.<init>(CommonMethods.java:24)at objectrepository.CommonMethods.<init>(CommonMethods.java:24)at objectrepository.CommonMethods.<init>(CommonMethods.java:24)at objectrepository.CommonMethods.<init>(CommonMethods.java:24)at objectrepository.CommonMethods.<init>(CommonMethods.java:24)at objectrepository.CommonMethods.<init>(CommonMethods.java:24)at objectrepository.CommonMethods.<init>(CommonMethods.java:24)at objectrepository.CommonMethods.<init>(CommonMethods.java:24)at objectrepository.CommonMethods.<init>(CommonMethods.java:24)at objectrepository.CommonMethods.<init>(CommonMethods.java:24)at objectrepository.CommonMethods.<init>(CommonMethods.java:24)at objectrepository.CommonMethods.<init>(CommonMethods.java:24)at objectrepository.CommonMethods.<init>(CommonMethods.java:24)at objectrepository.CommonMethods.<init>(CommonMethods.java:24)at objectrepository.CommonMethods.<init>(CommonMethods.java:24)at objectrepository.CommonMethods.<init>(CommonMethods.java:24)at objectrepository.CommonMethods.<init>(CommonMethods.java:24)at objectrepository.CommonMethods.<init>(CommonMethods.java:24)at objectrepository.CommonMethods.<init>(CommonMethods.java:24)at objectrepository.CommonMethods.<init>(CommonMethods.java:24)at objectrepository.CommonMethods.<init>(CommonMethods.java:24)at objectrepository.CommonMethods.<init>(CommonMethods.java:24)at objectrepository.CommonMethods.<init>(CommonMethods.java:24)at objectrepository.CommonMethods.<init>(CommonMethods.java:24)at objectrepository.CommonMethods.<init>(CommonMethods.java:24)at objectrepository.CommonMethods.<init>(CommonMethods.java:24)at objectrepository.CommonMethods.<init>(CommonMethods.java:24)at objectrepository.CommonMethods.<init>(CommonMethods.java:24)at objectrepository.CommonMethods.<init>(CommonMethods.java:24)at objectrepository.CommonMethods.<init>(CommonMethods.java:24)at objectrepository.CommonMethods.<init>(CommonMethods.java:24)at objectrepository.CommonMethods.<init>(CommonMethods.java:24)at objectrepository.CommonMethods.<init>(CommonMethods.java:24)at objectrepository.CommonMethods.<init>(CommonMethods.java:24)at objectrepository.CommonMethods.<init>(CommonMethods.java:24)at objectrepository.CommonMethods.<init>(CommonMethods.java:24)at objectrepository.CommonMethods.<init>(CommonMethods.java:24)at objectrepository.CommonMethods.<init>(CommonMethods.java:24)at objectrepository.CommonMethods.<init>(CommonMethods.java:24)at objectrepository.CommonMethods.<init>(CommonMethods.java:24)at objectrepository.CommonMethods.<init>(CommonMethods.java:24)at objectrepository.CommonMethods.<init>(CommonMethods.java:24)at objectrepository.CommonMethods.<init>(CommonMethods.java:24)at objectrepository.CommonMethods.<init>(CommonMethods.java:24)at objectrepository.CommonMethods.<init>(CommonMethods.java:24)at objectrepository.CommonMethods.<init>(CommonMethods.java:24)at objectrepository.CommonMethods.<init>(CommonMethods.java:24)at objectrepository.CommonMethods.<init>(CommonMethods.java:24)at objectrepository.CommonMethods.<init>(CommonMethods.java:24)at objectrepository.CommonMethods.<init>(CommonMethods.java:24)at objectrepository.CommonMethods.<init>(CommonMethods.java:24)at objectrepository.CommonMethods.<init>(CommonMethods.java:24)at objectrepository.CommonMethods.<init>(CommonMethods.java:24)at objectrepository.CommonMethods.<init>(CommonMethods.java:24)at objectrepository.CommonMethods.<init>(CommonMethods.java:24)at objectrepository.CommonMethods.<init>(CommonMethods.java:24)at objectrepository.CommonMethods.<init>(CommonMethods.java:24)at objectrepository.CommonMethods.<init>(CommonMethods.java:24)at objectrepository.CommonMethods.<init>(CommonMethods.java:24)at objectrepository.CommonMethods.<init>(CommonMethods.java:24)at objectrepository.CommonMethods.<init>(CommonMethods.java:24)at objectrepository.CommonMethods.<init>(CommonMethods.java:24)at objectrepository.CommonMethods.<init>(CommonMethods.java:24)at objectrepository.CommonMethods.<init>(CommonMethods.java:24)at objectrepository.CommonMethods.<init>(CommonMethods.java:24)at objectrepository.CommonMethods.<init>(CommonMethods.java:24)at objectrepository.CommonMethods.<init>(CommonMethods.java:24)at objectrepository.CommonMethods.<init>(CommonMethods.java:24)at objectrepository.CommonMethods.<init>(CommonMethods.java:24)at objectrepository.CommonMethods.<init>(CommonMethods.java:24)at objectrepository.CommonMethods.<init>(CommonMethods.java:24)at objectrepository.CommonMethods.<init>(CommonMethods.java:24)at objectrepository.CommonMethods.<init>(CommonMethods.java:24)at objectrepository.CommonMethods.<init>(CommonMethods.java:24)at objectrepository.CommonMethods.<init>(CommonMethods.java:24)at objectrepository.CommonMethods.<init>(CommonMethods.java:24)at objectrepository.CommonMethods.<init>(CommonMethods.java:24)at objectrepository.CommonMethods.<init>(CommonMethods.java:24)at objectrepository.CommonMethods.<init>(CommonMethods.java:24)at objectrepository.CommonMethods.<init>(CommonMethods.java:24)at objectrepository.CommonMethods.<init>(CommonMethods.java:24)at objectrepository.CommonMethods.<init>(CommonMethods.java:24)at objectrepository.CommonMethods.<init>(CommonMethods.java:24)at objectrepository.CommonMethods.<init>(CommonMethods.java:24)at objectrepository.CommonMethods.<init>(CommonMethods.java:24)at objectrepository.CommonMethods.<init>(CommonMethods.java:24)at objectrepository.CommonMethods.<init>(CommonMethods.java:24)at objectrepository.CommonMethods.<init>(CommonMethods.java:24)at objectrepository.CommonMethods.<init>(CommonMethods.java:24)at objectrepository.CommonMethods.<init>(CommonMethods.java:24)at objectrepository.CommonMethods.<init>(CommonMethods.java:24)at objectrepository.CommonMethods.<init>(CommonMethods.java:24)at objectrepository.CommonMethods.<init>(CommonMethods.java:24)at objectrepository.CommonMethods.<init>(CommonMethods.java:24)at objectrepository.CommonMethods.<init>(CommonMethods.java:24)at objectrepository.CommonMethods.<init>(CommonMethods.java:24)at objectrepository.CommonMethods.<init>(CommonMethods.java:24)at objectrepository.CommonMethods.<init>(CommonMethods.java:24)at objectrepository.CommonMethods.<init>(CommonMethods.java:24)at objectrepository.CommonMethods.<init>(CommonMethods.java:24)at objectrepository.CommonMethods.<init>(CommonMethods.java:24)at objectrepository.CommonMethods.<init>(CommonMethods.java:24)at objectrepository.CommonMethods.<init>(CommonMethods.java:24)at objectrepository.CommonMethods.<init>(CommonMethods.java:24)at objectrepository.CommonMethods.<init>(CommonMethods.java:24)at objectrepository.CommonMethods.<init>(CommonMethods.java:24)at objectrepository.CommonMethods.<init>(CommonMethods.java:24)at objectrepository.CommonMethods.<init>(CommonMethods.java:24)at objectrepository.CommonMethods.<init>(CommonMethods.java:24)at objectrepository.CommonMethods.<init>(CommonMethods.java:24)at objectrepository.CommonMethods.<init>(CommonMethods.java:24)at objectrepository.CommonMethods.<init>(CommonMethods.java:24)at objectrepository.CommonMethods.<init>(CommonMethods.java:24)at objectrepository.CommonMethods.<init>(CommonMethods.java:24)at objectrepository.CommonMethods.<init>(CommonMethods.java:24)at objectrepository.CommonMethods.<init>(CommonMethods.java:24)at objectrepository.CommonMethods.<init>(CommonMethods.java:24)at objectrepository.CommonMethods.<init>(CommonMethods.java:24)at objectrepository.CommonMethods.<init>(CommonMethods.java:24)at objectrepository.CommonMethods.<init>(CommonMethods.java:24)at objectrepository.CommonMethods.<init>(CommonMethods.java:24)at objectrepository.CommonMethods.<init>(CommonMethods.java:24)at objectrepository.CommonMethods.<init>(CommonMethods.java:24)at objectrepository.CommonMethods.<init>(CommonMethods.java:24)at objectrepository.CommonMethods.<init>(CommonMethods.java:24)at objectrepository.CommonMethods.<init>(CommonMethods.java:24)at objectrepository.CommonMethods.<init>(CommonMethods.java:24)at objectrepository.CommonMethods.<init>(CommonMethods.java:24)at objectrepository.CommonMethods.<init>(CommonMethods.java:24)at objectrepository.CommonMethods.<init>(CommonMethods.java:24)at objectrepository.CommonMethods.<init>(CommonMethods.java:24)at objectrepository.CommonMethods.<init>(CommonMethods.java:24)at objectrepository.CommonMethods.<init>(CommonMethods.java:24)at objectrepository.CommonMethods.<init>(CommonMethods.java:24)at objectrepository.CommonMethods.<init>(CommonMethods.java:24)at objectrepository.CommonMethods.<init>(CommonMethods.java:24)at objectrepository.CommonMethods.<init>(CommonMethods.java:24)at objectrepository.CommonMethods.<init>(CommonMethods.java:24)at objectrepository.CommonMethods.<init>(CommonMethods.java:24)at objectrepository.CommonMethods.<init>(CommonMethods.java:24)at objectrepository.CommonMethods.<init>(CommonMethods.java:24)at objectrepository.CommonMethods.<init>(CommonMethods.java:24)at objectrepository.CommonMethods.<init>(CommonMethods.java:24)at objectrepository.CommonMethods.<init>(CommonMethods.java:24)at objectrepository.CommonMethods.<init>(CommonMethods.java:24)at objectrepository.CommonMethods.<init>(CommonMethods.java:24)at objectrepository.CommonMethods.<init>(CommonMethods.java:24)at objectrepository.CommonMethods.<init>(CommonMethods.java:24)at objectrepository.CommonMethods.<init>(CommonMethods.java:24)at objectrepository.CommonMethods.<init>(CommonMethods.java:24)at objectrepository.CommonMethods.<init>(CommonMethods.java:24)at objectrepository.CommonMethods.<init>(CommonMethods.java:24)at objectrepository.CommonMethods.<init>(CommonMethods.java:24)at objectrepository.CommonMethods.<init>(CommonMethods.java:24)at objectrepository.CommonMethods.<init>(CommonMethods.java:24)at objectrepository.CommonMethods.<init>(CommonMethods.java:24)at objectrepository.CommonMethods.<init>(CommonMethods.java:24)at objectrepository.CommonMethods.<init>(CommonMethods.java:24)at objectrepository.CommonMethods.<init>(CommonMethods.java:24)at objectrepository.CommonMethods.<init>(CommonMethods.java:24)at objectrepository.CommonMethods.<init>(CommonMethods.java:24)at objectrepository.CommonMethods.<init>(CommonMethods.java:24)at objectrepository.CommonMethods.<init>(CommonMethods.java:24)at objectrepository.CommonMethods.<init>(CommonMethods.java:24)at objectrepository.CommonMethods.<init>(CommonMethods.java:24)at objectrepository.CommonMethods.<init>(CommonMethods.java:24)at objectrepository.CommonMethods.<init>(CommonMethods.java:24)at objectrepository.CommonMethods.<init>(CommonMethods.java:24)at objectrepository.CommonMethods.<init>(CommonMethods.java:24)at objectrepository.CommonMethods.<init>(CommonMethods.java:24)at objectrepository.CommonMethods.<init>(CommonMethods.java:24)at objectrepository.CommonMethods.<init>(CommonMethods.java:24)at objectrepository.CommonMethods.<init>(CommonMethods.java:24)at objectrepository.CommonMethods.<init>(CommonMethods.java:24)at objectrepository.CommonMethods.<init>(CommonMethods.java:24)at objectrepository.CommonMethods.<init>(CommonMethods.java:24)at objectrepository.CommonMethods.<init>(CommonMethods.java:24)at objectrepository.CommonMethods.<init>(CommonMethods.java:24)at objectrepository.CommonMethods.<init>(CommonMethods.java:24)at objectrepository.CommonMethods.<init>(CommonMethods.java:24)at objectrepository.CommonMethods.<init>(CommonMethods.java:24)at objectrepository.CommonMethods.<init>(CommonMethods.java:24)at objectrepository.CommonMethods.<init>(CommonMethods.java:24)at objectrepository.CommonMethods.<init>(CommonMethods.java:24)at objectrepository.CommonMethods.<init>(CommonMethods.java:24)at objectrepository.CommonMethods.<init>(CommonMethods.java:24)at objectrepository.CommonMethods.<init>(CommonMethods.java:24)at objectrepository.CommonMethods.<init>(CommonMethods.java:24)at objectrepository.CommonMethods.<init>(CommonMethods.java:24)at objectrepository.CommonMethods.<init>(CommonMethods.java:24)at objectrepository.CommonMethods.<init>(CommonMethods.java:24)at objectrepository.CommonMethods.<init>(CommonMethods.java:24)at objectrepository.CommonMethods.<init>(CommonMethods.java:24)at objectrepository.CommonMethods.<init>(CommonMethods.java:24)at objectrepository.CommonMethods.<init>(CommonMethods.java:24)at objectrepository.CommonMethods.<init>(CommonMethods.java:24)at objectrepository.CommonMethods.<init>(CommonMethods.java:24)at objectrepository.CommonMethods.<init>(CommonMethods.java:24)at objectrepository.CommonMethods.<init>(CommonMethods.java:24)at objectrepository.CommonMethods.<init>(CommonMethods.java:24)at objectrepository.CommonMethods.<init>(CommonMethods.java:24)]]>
    </error>
  </testcase> <!-- ViewItem -->
</testsuite> <!-- testcases.PhotosAndVideo -->
