<?xml version="1.0" encoding="UTF-8"?>
<!-- Generated by org.testng.reporters.JUnitReportReporter -->
<testsuite skipped="0" hostname="IEC02N926BG3QT" name="testcases.MessageCenter" tests="2" failures="0" timestamp="25 Jul 2018 14:40:01 GMT" time="46.978" errors="0">
  <testcase name="test" time="21.139" classname="testcases.MessageCenter"/>
  <testcase name="MessageCenter2" time="25.839" classname="testcases.MessageCenter"/>
</testsuite> <!-- testcases.MessageCenter -->
