<?xml version="1.0" encoding="UTF-8"?>
<!-- Generated by org.testng.reporters.JUnitReportReporter -->
<testsuite skipped="0" hostname="IEC02N926BG3QT" name="testcases.Playground" tests="1" failures="0" timestamp="09 Aug 2018 11:59:22 GMT" time="35.957" errors="0">
  <testcase name="horizontalSwipingTest" time="35.957" classname="testcases.Playground"/>
</testsuite> <!-- testcases.Playground -->
