<?xml version="1.0" encoding="UTF-8"?>
<!-- Generated by org.testng.reporters.JUnitReportReporter -->
<testsuite skipped="0" hostname="IEC02N926BG3QT" name="testcases.Playground" tests="1" failures="0" timestamp="29 May 2018 13:27:36 GMT" time="33.158" errors="0">
  <testcase name="waitforbackup" time="33.158" classname="testcases.Playground"/>
</testsuite> <!-- testcases.Playground -->
