<?xml version="1.0" encoding="UTF-8"?>
<!-- Generated by org.testng.reporters.JUnitReportReporter -->
<testsuite skipped="0" hostname="IEC02N926BG3QT" name="testcases.CloudBase" tests="1" failures="0" timestamp="22 Jun 2018 11:23:23 GMT" time="22.530" errors="0">
  <testcase name="Capabilities" time="22.530" classname="testcases.CloudBase"/>
</testsuite> <!-- testcases.CloudBase -->
