<?xml version="1.0" encoding="UTF-8"?>
<!-- Generated by org.testng.reporters.JUnitReportReporter -->
<testsuite skipped="0" hostname="IEC02N926BG3QT" name="testcases.PhotosAndVideo" tests="2" failures="0" timestamp="30 Aug 2018 14:33:32 GMT" time="82.956" errors="0">
  <testcase name="Info" time="39.647" classname="testcases.PhotosAndVideo"/>
  <testcase name="Fullview" time="43.309" classname="testcases.PhotosAndVideo"/>
</testsuite> <!-- testcases.PhotosAndVideo -->
