<?xml version="1.0" encoding="UTF-8"?>
<!-- Generated by org.testng.reporters.JUnitReportReporter -->
<testsuite skipped="0" hostname="IEC02N926BG3QT" name="restAPIs.accessToken" tests="1" failures="0" timestamp="13 Aug 2018 11:43:37 GMT" time="7.557" errors="0">
  <testcase name="statusCodeVerification" time="7.557" classname="restAPIs.accessToken"/>
</testsuite> <!-- restAPIs.accessToken -->
