<?xml version="1.0" encoding="UTF-8"?>
<!-- Generated by org.testng.reporters.JUnitReportReporter -->
<testsuite skipped="0" hostname="IEC02N926BG3QT" name="testcases.Playground" tests="1" failures="0" timestamp="20 Apr 2018 14:42:53 GMT" time="35.059" errors="0">
  <testcase name="FindExt" time="35.059" classname="testcases.Playground"/>
</testsuite> <!-- testcases.Playground -->
