<?xml version="1.0" encoding="UTF-8"?>
<!-- Generated by org.testng.reporters.JUnitReportReporter -->
<testsuite skipped="0" hostname="IEC02N926BG3QT" name="testcases.Settings" tests="2" failures="0" timestamp="31 Aug 2018 13:21:29 GMT" time="69.695" errors="0">
  <testcase name="AppNotification" time="34.330" classname="testcases.Settings"/>
  <testcase name="ManageStorage" time="35.365" classname="testcases.Settings"/>
</testsuite> <!-- testcases.Settings -->
