<?xml version="1.0" encoding="UTF-8"?>
<!-- Generated by org.testng.reporters.JUnitReportReporter -->
<testsuite skipped="0" hostname="IEC02N926BG3QT" name="testcases.Documents" tests="1" failures="0" timestamp="03 Apr 2018 11:19:20 GMT" time="47.488" errors="0">
  <testcase name="DocFavSwitch" time="47.488" classname="testcases.Documents"/>
</testsuite> <!-- testcases.Documents -->
