<?xml version="1.0" encoding="UTF-8"?>
<!-- Generated by org.testng.reporters.JUnitReportReporter -->
<testsuite skipped="0" hostname="IEC02N926BG3QT" name="testcases.MessageCenter" tests="1" failures="0" timestamp="31 Aug 2018 15:44:09 GMT" time="29.751" errors="0">
  <testcase name="MessageCenter" time="29.751" classname="testcases.MessageCenter"/>
</testsuite> <!-- testcases.MessageCenter -->
