<?xml version="1.0" encoding="UTF-8"?>
<!-- Generated by org.testng.reporters.JUnitReportReporter -->
<testsuite skipped="0" hostname="IEC02N926BG3QT" name="testcases.Documents" tests="9" failures="0" timestamp="27 Mar 2018 13:59:27 GMT" time="426.915" errors="0">
  <testcase name="DocumentsOpen" time="40.586" classname="testcases.Documents"/>
  <testcase name="DocFavSwitch" time="45.266" classname="testcases.Documents"/>
  <testcase name="DocumentDownload" time="50.757" classname="testcases.Documents"/>
  <testcase name="DocumentsSort" time="66.822" classname="testcases.Documents"/>
  <testcase name="DocDeleteCancel" time="47.263" classname="testcases.Documents"/>
  <testcase name="DocumentDelete" time="48.389" classname="testcases.Documents"/>
  <testcase name="DocumentsCopyShareLink" time="40.963" classname="testcases.Documents"/>
  <testcase name="DocumentsShare" time="41.271" classname="testcases.Documents"/>
  <testcase name="DocInfo" time="45.598" classname="testcases.Documents"/>
</testsuite> <!-- testcases.Documents -->
