<?xml version="1.0" encoding="UTF-8"?>
<!-- Generated by org.testng.reporters.JUnitReportReporter -->
<testsuite skipped="0" hostname="IEC02N926BG3QT" name="testcases.Music" tests="1" failures="0" timestamp="18 May 2018 15:13:15 GMT" time="30.461" errors="0">
  <testcase name="PlaySong" time="30.461" classname="testcases.Music"/>
</testsuite> <!-- testcases.Music -->
