<?xml version="1.0" encoding="UTF-8"?>
<!-- Generated by org.testng.reporters.JUnitReportReporter -->
<testsuite skipped="0" hostname="IEC02N926BG3QT" name="testcases.AllFiles" tests="3" failures="0" timestamp="25 Jul 2018 14:38:39 GMT" time="103.974" errors="0">
  <testcase name="OpenMobileRepro" time="31.343" classname="testcases.AllFiles"/>
  <testcase name="MobileName" time="34.515" classname="testcases.AllFiles"/>
  <testcase name="FindExt" time="38.116" classname="testcases.AllFiles"/>
</testsuite> <!-- testcases.AllFiles -->
