<?xml version="1.0" encoding="UTF-8"?>
<!-- Generated by org.testng.reporters.JUnitReportReporter -->
<testsuite skipped="0" hostname="IEC02N926BG3QT" name="testcases.About" tests="4" failures="0" timestamp="30 Aug 2018 15:12:37 GMT" time="132.658" errors="0">
  <testcase name="PrivacyPolicy" time="33.608" classname="testcases.About"/>
  <testcase name="Help" time="27.866" classname="testcases.About"/>
  <testcase name="AppVersion" time="33.295" classname="testcases.About"/>
  <testcase name="TermCond" time="37.889" classname="testcases.About"/>
</testsuite> <!-- testcases.About -->
