<?xml version="1.0" encoding="UTF-8"?>
<!-- Generated by org.testng.reporters.JUnitReportReporter -->
<testsuite skipped="0" hostname="IEC02N926BG3QT" name="testcases.Playground" tests="1" failures="0" timestamp="23 Mar 2018 16:40:42 GMT" time="37.814" errors="0">
  <testcase name="Test" time="37.814" classname="testcases.Playground"/>
</testsuite> <!-- testcases.Playground -->
