<?xml version="1.0" encoding="UTF-8"?>
<!-- Generated by org.testng.reporters.JUnitReportReporter -->
<testsuite skipped="0" hostname="IEC02N926BG3QT" name="testcases.PhotosAndVideo" tests="1" failures="0" timestamp="03 Apr 2018 15:31:09 GMT" time="51.943" errors="0">
  <testcase name="PhotoVidDelete" time="51.943" classname="testcases.PhotosAndVideo"/>
</testsuite> <!-- testcases.PhotosAndVideo -->
