<?xml version="1.0" encoding="UTF-8"?>
<!-- Generated by org.testng.reporters.JUnitReportReporter -->
<testsuite skipped="0" hostname="IEC02N926BG3QT" name="testcases.Settings" tests="1" failures="0" timestamp="15 May 2018 15:25:20 GMT" time="31.142" errors="0">
  <testcase name="WhattoBackupON" time="31.142" classname="testcases.Settings"/>
</testsuite> <!-- testcases.Settings -->
