<?xml version="1.0" encoding="UTF-8"?>
<!-- Generated by org.testng.reporters.JUnitReportReporter -->
<testsuite skipped="0" hostname="IEC02N926BG3QT" name="testcases.Settings" tests="4" failures="0" timestamp="18 Jun 2018 09:51:28 GMT" time="133.603" errors="0">
  <testcase name="Tools" time="32.392" classname="testcases.Settings"/>
  <testcase name="SettingsPageLayout" time="31.981" classname="testcases.Settings"/>
  <testcase name="SetBackUp" time="35.193" classname="testcases.Settings"/>
  <testcase name="ToDisable" time="34.037" classname="testcases.Settings"/>
</testsuite> <!-- testcases.Settings -->
