<?xml version="1.0" encoding="UTF-8"?>
<!-- Generated by org.testng.reporters.JUnitReportReporter -->
<testsuite skipped="0" hostname="IEC02N926BG3QT" name="testcases.PhotosAndVideo" tests="2" failures="0" timestamp="18 Jun 2018 09:51:28 GMT" time="79.284" errors="0">
  <testcase name="Fullview" time="39.277" classname="testcases.PhotosAndVideo"/>
  <testcase name="Info" time="40.007" classname="testcases.PhotosAndVideo"/>
</testsuite> <!-- testcases.PhotosAndVideo -->
