<?xml version="1.0" encoding="UTF-8"?>
<!-- Generated by org.testng.reporters.JUnitReportReporter -->
<testsuite skipped="0" hostname="IEC02N926BG3QT" name="testcases.Documents" tests="1" failures="0" timestamp="12 Mar 2018 16:39:55 GMT" time="61.811" errors="0">
  <testcase name="DocumentsSort" time="61.811" classname="testcases.Documents"/>
</testsuite> <!-- testcases.Documents -->
