<?xml version="1.0" encoding="UTF-8"?>
<!-- Generated by org.testng.reporters.JUnitReportReporter -->
<testsuite skipped="0" hostname="IEC02N926BG3QT" name="testcases.PhotosAndVideo" tests="1" failures="0" timestamp="12 Mar 2018 17:16:31 GMT" time="36.552" errors="0">
  <testcase name="BInfo" time="36.552" classname="testcases.PhotosAndVideo"/>
</testsuite> <!-- testcases.PhotosAndVideo -->
