<?xml version="1.0" encoding="UTF-8"?>
<!-- Generated by org.testng.reporters.JUnitReportReporter -->
<testsuite skipped="0" hostname="IEC02N926BG3QT" name="testcases.MessageCenter" tests="2" failures="0" timestamp="22 Aug 2018 09:42:42 GMT" time="50.809" errors="0">
  <testcase name="MessageCenter2" time="27.711" classname="testcases.MessageCenter"/>
  <testcase name="test" time="23.098" classname="testcases.MessageCenter"/>
</testsuite> <!-- testcases.MessageCenter -->
