<?xml version="1.0" encoding="UTF-8"?>
<!-- Generated by org.testng.reporters.JUnitReportReporter -->
<testsuite skipped="0" hostname="IEC02N926BG3QT" name="testcases.Music" tests="6" failures="0" timestamp="18 Jun 2018 09:51:28 GMT" time="356.137" errors="0">
  <testcase name="CreatePlaylist" time="78.313" classname="testcases.Music"/>
  <testcase name="DeleteSong" time="61.447" classname="testcases.Music"/>
  <testcase name="ArtistAddtoPlaylist" time="51.640" classname="testcases.Music"/>
  <testcase name="PlaySong" time="35.551" classname="testcases.Music"/>
  <testcase name="ArtistView" time="49.504" classname="testcases.Music"/>
  <testcase name="ArtistDownload" time="79.682" classname="testcases.Music"/>
</testsuite> <!-- testcases.Music -->
